0 info it worked if it ends with ok
1 verbose cli [ 'node', '/usr/local/bin/npm', 'install', '-g', 'express' ]
2 info using npm@1.4.28
3 info using node@v0.10.32
4 verbose cache add [ 'express', null ]
5 verbose cache add name=undefined spec="express" args=["express",null]
6 verbose parsed url { protocol: null,
6 verbose parsed url   slashes: null,
6 verbose parsed url   auth: null,
6 verbose parsed url   host: null,
6 verbose parsed url   port: null,
6 verbose parsed url   hostname: null,
6 verbose parsed url   hash: null,
6 verbose parsed url   search: null,
6 verbose parsed url   query: null,
6 verbose parsed url   pathname: 'express',
6 verbose parsed url   path: 'express',
6 verbose parsed url   href: 'express' }
7 silly lockFile f3c62de4-express express
8 verbose lock express /Users/francoagustinrabaglia/.npm/f3c62de4-express.lock
9 silly lockFile f3c62de4-express express
10 silly lockFile f3c62de4-express express
11 verbose addNamed [ 'express', '' ]
12 verbose addNamed [ null, '*' ]
13 silly lockFile 64a534c1-express express@
14 verbose lock express@ /Users/francoagustinrabaglia/.npm/64a534c1-express.lock
15 silly addNameRange { name: 'express', range: '*', hasData: false }
16 verbose request where is /express
17 verbose request registry https://registry.npmjs.org/
18 verbose request id 5beb8a7938044ecd
19 verbose url raw /express
20 verbose url resolving [ 'https://registry.npmjs.org/', './express' ]
21 verbose url resolved https://registry.npmjs.org/express
22 verbose request where is https://registry.npmjs.org/express
23 info trying registry request attempt 1 at 23:41:36
24 verbose etag "CVSH4GRSO3F584WNHR3DO1T4J"
25 http GET https://registry.npmjs.org/express
26 http 304 https://registry.npmjs.org/express
27 silly registry.get cb [ 304,
27 silly registry.get   { date: 'Tue, 21 Oct 2014 02:41:36 GMT',
27 silly registry.get     server: 'Apache',
27 silly registry.get     via: '1.1 varnish',
27 silly registry.get     'last-modified': 'Tue, 21 Oct 2014 02:41:36 GMT',
27 silly registry.get     'cache-control': 'max-age=60',
27 silly registry.get     etag: '"CVSH4GRSO3F584WNHR3DO1T4J"',
27 silly registry.get     age: '47',
27 silly registry.get     'x-served-by': 'cache-atl6224-ATL',
27 silly registry.get     'x-cache': 'HIT',
27 silly registry.get     'x-cache-hits': '1',
27 silly registry.get     'x-timer': 'S1413859296.634255,VS0,VE4',
27 silly registry.get     vary: 'Accept',
27 silly registry.get     'content-length': '0',
27 silly registry.get     'keep-alive': 'timeout=10, max=50',
27 silly registry.get     connection: 'Keep-Alive' } ]
28 verbose etag https://registry.npmjs.org/express from cache
29 silly addNameRange number 2 { name: 'express', range: '*', hasData: true }
30 silly addNameRange versions [ 'express',
30 silly addNameRange   [ '0.14.0',
30 silly addNameRange     '0.14.1',
30 silly addNameRange     '1.0.0',
30 silly addNameRange     '1.0.1',
30 silly addNameRange     '1.0.2',
30 silly addNameRange     '1.0.3',
30 silly addNameRange     '1.0.4',
30 silly addNameRange     '1.0.5',
30 silly addNameRange     '1.0.6',
30 silly addNameRange     '1.0.7',
30 silly addNameRange     '1.0.8',
30 silly addNameRange     '2.0.0',
30 silly addNameRange     '2.1.0',
30 silly addNameRange     '2.1.1',
30 silly addNameRange     '2.2.0',
30 silly addNameRange     '2.2.1',
30 silly addNameRange     '2.2.2',
30 silly addNameRange     '2.3.0',
30 silly addNameRange     '2.3.1',
30 silly addNameRange     '2.3.2',
30 silly addNameRange     '2.3.3',
30 silly addNameRange     '2.3.4',
30 silly addNameRange     '2.3.5',
30 silly addNameRange     '2.3.6',
30 silly addNameRange     '2.3.7',
30 silly addNameRange     '2.3.8',
30 silly addNameRange     '2.3.9',
30 silly addNameRange     '2.3.10',
30 silly addNameRange     '2.3.11',
30 silly addNameRange     '2.3.12',
30 silly addNameRange     '2.4.0',
30 silly addNameRange     '2.4.1',
30 silly addNameRange     '2.4.2',
30 silly addNameRange     '2.4.3',
30 silly addNameRange     '2.4.4',
30 silly addNameRange     '2.4.5',
30 silly addNameRange     '2.4.6',
30 silly addNameRange     '2.4.7',
30 silly addNameRange     '2.5.0',
30 silly addNameRange     '2.5.1',
30 silly addNameRange     '2.5.2',
30 silly addNameRange     '2.5.3',
30 silly addNameRange     '2.5.4',
30 silly addNameRange     '2.5.5',
30 silly addNameRange     '2.5.6',
30 silly addNameRange     '2.5.7',
30 silly addNameRange     '2.5.8',
30 silly addNameRange     '2.5.9',
30 silly addNameRange     '2.5.10',
30 silly addNameRange     '2.5.11',
30 silly addNameRange     '3.0.0',
30 silly addNameRange     '3.0.1',
30 silly addNameRange     '3.0.2',
30 silly addNameRange     '3.0.3',
30 silly addNameRange     '3.0.4',
30 silly addNameRange     '3.0.5',
30 silly addNameRange     '3.0.6',
30 silly addNameRange     '3.1.0',
30 silly addNameRange     '3.1.1',
30 silly addNameRange     '3.1.2',
30 silly addNameRange     '3.2.0',
30 silly addNameRange     '3.2.1',
30 silly addNameRange     '3.2.2',
30 silly addNameRange     '3.2.3',
30 silly addNameRange     '3.2.4',
30 silly addNameRange     '3.2.5',
30 silly addNameRange     '3.2.6',
30 silly addNameRange     '3.3.0',
30 silly addNameRange     '3.3.1',
30 silly addNameRange     '3.3.2',
30 silly addNameRange     '3.3.3',
30 silly addNameRange     '3.3.4',
30 silly addNameRange     '3.3.5',
30 silly addNameRange     '3.3.6',
30 silly addNameRange     '1.0.0-beta',
30 silly addNameRange     '1.0.0-beta2',
30 silly addNameRange     '1.0.0-rc',
30 silly addNameRange     '1.0.0-rc2',
30 silly addNameRange     '1.0.0-rc3',
30 silly addNameRange     '1.0.0-rc4',
30 silly addNameRange     '2.0.0-beta',
30 silly addNameRange     '2.0.0-beta2',
30 silly addNameRange     '2.0.0-beta3',
30 silly addNameRange     '2.0.0-rc',
30 silly addNameRange     '2.0.0-rc2',
30 silly addNameRange     '2.0.0-rc3',
30 silly addNameRange     '3.0.0-alpha1',
30 silly addNameRange     '3.0.0-alpha2',
30 silly addNameRange     '3.0.0-alpha3',
30 silly addNameRange     '3.0.0-alpha4',
30 silly addNameRange     '3.0.0-alpha5',
30 silly addNameRange     '3.0.0-beta1',
30 silly addNameRange     '3.0.0-beta2',
30 silly addNameRange     '3.0.0-beta3',
30 silly addNameRange     '3.0.0-beta4',
30 silly addNameRange     '3.0.0-beta6',
30 silly addNameRange     '3.0.0-beta7',
30 silly addNameRange     '3.0.0-rc1',
30 silly addNameRange     '3.0.0-rc2',
30 silly addNameRange     '3.0.0-rc3',
30 silly addNameRange     '3.0.0-rc4',
30 silly addNameRange     '3.0.0-rc5',
30 silly addNameRange     '3.3.7',
30 silly addNameRange     '3.3.8',
30 silly addNameRange     '3.4.0',
30 silly addNameRange     '3.4.1',
30 silly addNameRange     '3.4.2',
30 silly addNameRange     '3.4.3',
30 silly addNameRange     '3.4.4',
30 silly addNameRange     '3.4.5',
30 silly addNameRange     '3.4.6',
30 silly addNameRange     '3.4.7',
30 silly addNameRange     '3.4.8',
30 silly addNameRange     '4.0.0-rc1',
30 silly addNameRange     '4.0.0-rc2',
30 silly addNameRange     '3.5.0',
30 silly addNameRange     '4.0.0-rc3',
30 silly addNameRange     '4.0.0-rc4',
30 silly addNameRange     '3.5.1',
30 silly addNameRange     '4.0.0',
30 silly addNameRange     '3.5.2',
30 silly addNameRange     '4.1.0',
30 silly addNameRange     '4.1.1',
30 silly addNameRange     '3.5.3',
30 silly addNameRange     '4.1.2',
30 silly addNameRange     '3.6.0',
30 silly addNameRange     '4.2.0',
30 silly addNameRange     '3.7.0',
30 silly addNameRange     '3.8.0',
30 silly addNameRange     '4.3.0',
30 silly addNameRange     '4.3.1',
30 silly addNameRange     '3.8.1',
30 silly addNameRange     '4.3.2',
30 silly addNameRange     '3.9.0',
30 silly addNameRange     '4.4.0',
30 silly addNameRange     '4.4.1',
30 silly addNameRange     '3.10.0',
30 silly addNameRange     '3.10.1',
30 silly addNameRange     '3.10.2',
30 silly addNameRange     '3.10.3',
30 silly addNameRange     '3.10.4',
30 silly addNameRange     '4.4.2',
30 silly addNameRange     '3.10.5',
30 silly addNameRange     '4.4.3',
30 silly addNameRange     '3.11.0',
30 silly addNameRange     '4.4.4',
30 silly addNameRange     '3.12.0',
30 silly addNameRange     '3.12.1',
30 silly addNameRange     '4.4.5',
30 silly addNameRange     '3.13.0',
30 silly addNameRange     '4.5.0',
30 silly addNameRange     '4.5.1',
30 silly addNameRange     '3.14.0',
30 silly addNameRange     '4.6.0',
30 silly addNameRange     '4.6.1',
30 silly addNameRange     '3.15.0',
30 silly addNameRange     '4.7.0',
30 silly addNameRange     '3.15.1',
30 silly addNameRange     '4.7.1',
30 silly addNameRange     '3.15.2',
30 silly addNameRange     '4.7.2',
30 silly addNameRange     '4.7.3',
30 silly addNameRange     '3.15.3',
30 silly addNameRange     '4.7.4',
30 silly addNameRange     '3.16.0',
30 silly addNameRange     '4.8.0',
30 silly addNameRange     '3.16.1',
30 silly addNameRange     '4.8.1',
30 silly addNameRange     '3.16.2',
30 silly addNameRange     '4.8.2',
30 silly addNameRange     '3.16.3',
30 silly addNameRange     '3.16.4',
30 silly addNameRange     '4.8.3',
30 silly addNameRange     '3.16.5',
30 silly addNameRange     '3.16.6',
30 silly addNameRange     '4.8.4',
30 silly addNameRange     '3.16.7',
30 silly addNameRange     '4.8.5',
30 silly addNameRange     '3.16.8',
30 silly addNameRange     '4.8.6',
30 silly addNameRange     '3.16.9',
30 silly addNameRange     '4.8.7',
30 silly addNameRange     '3.16.10',
30 silly addNameRange     '4.8.8',
30 silly addNameRange     '3.17.0',
30 silly addNameRange     '3.17.1',
30 silly addNameRange     '4.9.0',
30 silly addNameRange     '3.17.2',
30 silly addNameRange     '4.9.1',
30 silly addNameRange     '4.9.2',
30 silly addNameRange     '3.17.3',
30 silly addNameRange     '4.9.3',
30 silly addNameRange     '3.17.4',
30 silly addNameRange     '4.9.4',
30 silly addNameRange     '3.17.5',
30 silly addNameRange     '4.9.5',
30 silly addNameRange     '3.17.6',
30 silly addNameRange     '3.17.7',
30 silly addNameRange     '4.9.6',
30 silly addNameRange     '4.9.7',
30 silly addNameRange     '3.17.8',
30 silly addNameRange     '4.9.8',
30 silly addNameRange     '3.18.0' ] ]
31 verbose addNamed [ 'express', '4.9.8' ]
32 verbose addNamed [ '4.9.8', '4.9.8' ]
33 silly lockFile 3e3a25f6-express-4-9-8 express@4.9.8
34 verbose lock express@4.9.8 /Users/francoagustinrabaglia/.npm/3e3a25f6-express-4-9-8.lock
35 silly lockFile 2d7fb097-js-org-express-express-4-9-8-tgz https://registry.npmjs.org/express/-/express-4.9.8.tgz
36 verbose lock https://registry.npmjs.org/express/-/express-4.9.8.tgz /Users/francoagustinrabaglia/.npm/2d7fb097-js-org-express-express-4-9-8-tgz.lock
37 verbose addRemoteTarball [ 'https://registry.npmjs.org/express/-/express-4.9.8.tgz',
37 verbose addRemoteTarball   'f360f596baeabbd0e5223b603d6eb578d9d2d10d' ]
38 info retry fetch attempt 1 at 23:41:36
39 verbose fetch to= /var/folders/71/7ql1bvbx12v274v1dt_rtzdc0000gn/T/npm-418-UxlBx7GY/registry.npmjs.org/express/-/express-4.9.8.tgz
40 http GET https://registry.npmjs.org/express/-/express-4.9.8.tgz
41 http 200 https://registry.npmjs.org/express/-/express-4.9.8.tgz
42 silly lockFile 2d7fb097-js-org-express-express-4-9-8-tgz https://registry.npmjs.org/express/-/express-4.9.8.tgz
43 silly lockFile 2d7fb097-js-org-express-express-4-9-8-tgz https://registry.npmjs.org/express/-/express-4.9.8.tgz
44 silly lockFile 3e3a25f6-express-4-9-8 express@4.9.8
45 silly lockFile 3e3a25f6-express-4-9-8 express@4.9.8
46 silly lockFile 64a534c1-express express@
47 silly lockFile 64a534c1-express express@
48 silly resolved [ { name: 'express',
48 silly resolved     description: 'Fast, unopinionated, minimalist web framework',
48 silly resolved     version: '4.9.8',
48 silly resolved     author: { name: 'TJ Holowaychuk', email: 'tj@vision-media.ca' },
48 silly resolved     contributors:
48 silly resolved      [ [Object],
48 silly resolved        [Object],
48 silly resolved        [Object],
48 silly resolved        [Object],
48 silly resolved        [Object],
48 silly resolved        [Object],
48 silly resolved        [Object] ],
48 silly resolved     keywords:
48 silly resolved      [ 'express',
48 silly resolved        'framework',
48 silly resolved        'sinatra',
48 silly resolved        'web',
48 silly resolved        'rest',
48 silly resolved        'restful',
48 silly resolved        'router',
48 silly resolved        'app',
48 silly resolved        'api' ],
48 silly resolved     repository: { type: 'git', url: 'https://github.com/strongloop/express' },
48 silly resolved     license: 'MIT',
48 silly resolved     homepage: 'http://expressjs.com/',
48 silly resolved     dependencies:
48 silly resolved      { accepts: '~1.1.2',
48 silly resolved        'cookie-signature': '1.0.5',
48 silly resolved        debug: '~2.0.0',
48 silly resolved        depd: '0.4.5',
48 silly resolved        'escape-html': '1.0.1',
48 silly resolved        etag: '~1.4.0',
48 silly resolved        finalhandler: '0.2.0',
48 silly resolved        fresh: '0.2.4',
48 silly resolved        'media-typer': '0.3.0',
48 silly resolved        methods: '1.1.0',
48 silly resolved        'on-finished': '~2.1.0',
48 silly resolved        parseurl: '~1.3.0',
48 silly resolved        'path-to-regexp': '0.1.3',
48 silly resolved        'proxy-addr': '~1.0.3',
48 silly resolved        qs: '2.2.4',
48 silly resolved        'range-parser': '~1.0.2',
48 silly resolved        send: '0.9.3',
48 silly resolved        'serve-static': '~1.6.4',
48 silly resolved        'type-is': '~1.5.2',
48 silly resolved        vary: '~1.0.0',
48 silly resolved        cookie: '0.1.2',
48 silly resolved        'merge-descriptors': '0.0.2',
48 silly resolved        'utils-merge': '1.0.0' },
48 silly resolved     devDependencies:
48 silly resolved      { after: '0.8.1',
48 silly resolved        istanbul: '0.3.2',
48 silly resolved        mocha: '~1.21.5',
48 silly resolved        should: '~4.0.4',
48 silly resolved        supertest: '~0.14.0',
48 silly resolved        ejs: '~1.0.0',
48 silly resolved        marked: '0.3.2',
48 silly resolved        hjs: '~0.0.6',
48 silly resolved        'body-parser': '~1.8.2',
48 silly resolved        'connect-redis': '~2.1.0',
48 silly resolved        'cookie-parser': '~1.3.3',
48 silly resolved        'express-session': '~1.8.2',
48 silly resolved        jade: '~1.6.0',
48 silly resolved        'method-override': '~2.2.0',
48 silly resolved        morgan: '~1.3.1',
48 silly resolved        multiparty: '~3.3.2',
48 silly resolved        vhost: '~3.0.0' },
48 silly resolved     engines: { node: '>= 0.10.0' },
48 silly resolved     scripts:
48 silly resolved      { prepublish: 'npm prune',
48 silly resolved        test: 'mocha --require test/support/env --reporter spec --bail --check-leaks test/ test/acceptance/',
48 silly resolved        'test-cov': 'istanbul cover node_modules/mocha/bin/_mocha -- --require test/support/env --reporter dot --check-leaks test/ test/acceptance/',
48 silly resolved        'test-tap': 'mocha --require test/support/env --reporter tap --check-leaks test/ test/acceptance/',
48 silly resolved        'test-travis': 'istanbul cover node_modules/mocha/bin/_mocha --report lcovonly -- --require test/support/env --reporter spec --check-leaks test/ test/acceptance/' },
48 silly resolved     gitHead: 'f15bba7309f2e0a17f7b7a5552b9618f074078c8',
48 silly resolved     bugs: { url: 'https://github.com/strongloop/express/issues' },
48 silly resolved     _id: 'express@4.9.8',
48 silly resolved     _shasum: 'f360f596baeabbd0e5223b603d6eb578d9d2d10d',
48 silly resolved     _from: 'express@',
48 silly resolved     _npmVersion: '1.4.21',
48 silly resolved     _npmUser: { name: 'dougwilson', email: 'doug@somethingdoug.com' },
48 silly resolved     maintainers:
48 silly resolved      [ [Object],
48 silly resolved        [Object],
48 silly resolved        [Object],
48 silly resolved        [Object],
48 silly resolved        [Object],
48 silly resolved        [Object],
48 silly resolved        [Object] ],
48 silly resolved     dist:
48 silly resolved      { shasum: 'f360f596baeabbd0e5223b603d6eb578d9d2d10d',
48 silly resolved        tarball: 'http://registry.npmjs.org/express/-/express-4.9.8.tgz' },
48 silly resolved     directories: {},
48 silly resolved     _resolved: 'https://registry.npmjs.org/express/-/express-4.9.8.tgz' } ]
49 info install express@4.9.8 into /usr/local/lib
50 info installOne express@4.9.8
51 verbose lib/node_modules/express unbuild
52 verbose tar unpack /Users/francoagustinrabaglia/.npm/express/4.9.8/package.tgz
53 silly lockFile 365ba7ad-r-local-lib-node-modules-express tar:///usr/local/lib/node_modules/express
54 verbose lock tar:///usr/local/lib/node_modules/express /Users/francoagustinrabaglia/.npm/365ba7ad-r-local-lib-node-modules-express.lock
55 silly lockFile 3b46c753-ia-npm-express-4-9-8-package-tgz tar:///Users/francoagustinrabaglia/.npm/express/4.9.8/package.tgz
56 verbose lock tar:///Users/francoagustinrabaglia/.npm/express/4.9.8/package.tgz /Users/francoagustinrabaglia/.npm/3b46c753-ia-npm-express-4-9-8-package-tgz.lock
57 silly gunzTarPerm modes [ '755', '644' ]
58 error Error: EACCES, mkdir '/usr/local/lib/node_modules/express'
58 error  { [Error: EACCES, mkdir '/usr/local/lib/node_modules/express']
58 error   errno: 3,
58 error   code: 'EACCES',
58 error   path: '/usr/local/lib/node_modules/express',
58 error   fstream_type: 'Directory',
58 error   fstream_path: '/usr/local/lib/node_modules/express',
58 error   fstream_class: 'DirWriter',
58 error   fstream_stack:
58 error    [ '/usr/local/lib/node_modules/npm/node_modules/fstream/lib/dir-writer.js:36:23',
58 error      '/usr/local/lib/node_modules/npm/node_modules/mkdirp/index.js:46:53',
58 error      'Object.oncomplete (fs.js:107:15)' ] }
59 error Please try running this command again as root/Administrator.
60 error System Darwin 14.0.0
61 error command "node" "/usr/local/bin/npm" "install" "-g" "express"
62 error cwd /Users/francoagustinrabaglia/Desktop/hackatonlitoral
63 error node -v v0.10.32
64 error npm -v 1.4.28
65 error path /usr/local/lib/node_modules/express
66 error fstream_path /usr/local/lib/node_modules/express
67 error fstream_type Directory
68 error fstream_class DirWriter
69 error code EACCES
70 error errno 3
71 error stack Error: EACCES, mkdir '/usr/local/lib/node_modules/express'
72 error fstream_stack /usr/local/lib/node_modules/npm/node_modules/fstream/lib/dir-writer.js:36:23
72 error fstream_stack /usr/local/lib/node_modules/npm/node_modules/mkdirp/index.js:46:53
72 error fstream_stack Object.oncomplete (fs.js:107:15)
73 verbose exit [ 3, true ]
